Log file open, 05/18/17 10:31:25
LogInit:Display: Running engine for game: LastTransmission
LogPlatformFile: Not using cached read wrapper
LogInit:Display: RandInit(-121951100) SRandInit(-121951100).
LogTaskGraph: Started task graph with 5 named threads and 8 total threads with 1 sets of task threads.
LogStats: Stats thread started at 2.273946
LogInit: Using libcurl 7.47.1
LogInit:  - built for x86_64-pc-win32
LogInit:  - supports SSL with OpenSSL/1.0.2g
LogInit:  - supports HTTP deflate (compression) using libz 1.2.8
LogInit:  - other features:
LogInit:      CURL_VERSION_SSL
LogInit:      CURL_VERSION_LIBZ
LogInit:      CURL_VERSION_IPV6
LogInit:      CURL_VERSION_ASYNCHDNS
LogInit:      CURL_VERSION_LARGEFILE
LogInit:      CURL_VERSION_IDN
LogInit:  CurlRequestOptions (configurable via config and command line):
LogInit:  - bVerifyPeer = false  - Libcurl will NOT verify peer certificate
LogInit:  - bUseHttpProxy = false  - Libcurl will NOT use HTTP proxy
LogInit:  - bDontReuseConnections = false  - Libcurl will reuse connections
LogInit:  - CertBundlePath = nullptr  - Libcurl will use whatever was configured at build time.
LogInit: Build: ++UE4+Release-4.15-CL-3416026
LogInit: Engine Version: 4.15.2-3416026+++UE4+Release-4.15
LogInit: Compatible Engine Version: 4.15.0-3299760+++UE4+Release-4.15
LogInit: Net CL: 3299760
LogDevObjectVersion: Number of dev versions registered: 14
LogDevObjectVersion:   Dev-Blueprints (B0D832E4-1F89-4F0D-ACCF-7EB736FD4AA2): 8
LogDevObjectVersion:   Dev-Build (E1C64328-A22C-4D53-A36C-8E866417BD8C): 0
LogDevObjectVersion:   Dev-Core (375EC13C-06E4-48FB-B500-84F0262A717E): 2
LogDevObjectVersion:   Dev-Editor (E4B068ED-F494-42E9-A231-DA0B2E46BB41): 14
LogDevObjectVersion:   Dev-Framework (CFFC743F-43B0-4480-9391-14DF171D2073): 22
LogDevObjectVersion:   Dev-Mobile (B02B49B5-BB20-44E9-A304-32B752E40360): 0
LogDevObjectVersion:   Dev-Networking (A4E4105C-59A1-49B5-A7C5-40C4547EDFEE): 0
LogDevObjectVersion:   Dev-Online (39C831C9-5AE6-47DC-9A44-9C173E1C8E7C): 0
LogDevObjectVersion:   Dev-Physics (78F01B33-EBEA-4F98-B9B4-84EACCB95AA2): 0
LogDevObjectVersion:   Dev-Platform (6631380F-2D4D-43E0-8009-CF276956A95A): 0
LogDevObjectVersion:   Dev-Rendering (12F88B9F-8875-4AFC-A67C-D90C383ABD29): 12
LogDevObjectVersion:   Dev-Sequencer (7B5AE74C-D270-4C10-A958-57980B212A5A): 3
LogDevObjectVersion:   Dev-VR (D7296918-1DD6-4BDD-9DE2-64A83CC13884): 0
LogDevObjectVersion:   Dev-LoadTimes (C2A15278-BFE7-4AFE-6C17-90FF531DF755): 1
LogInit: Compiled (64-bit): May  1 2017 13:11:28
LogInit: Compiled with Visual C++: 19.00.23026.00
LogInit: Build Configuration: Development
LogInit: Branch Name: ++UE4+Release-4.15
LogInit: Command line:  
LogInit: Base directory: D:/UE_4.15/Engine/Binaries/Win64/
LogInit: Installed Engine Build: 1
LogInit: Presizing for max 8388607 objects, including 0 objects not considered by GC, pre-allocating 0 bytes for permanent pool.
LogInit: Object subsystem initialized
[2017.05.18-17.31.26:932][  0]LogInit: Selected Device Profile: [Windows]
[2017.05.18-17.31.26:932][  0]LogInit: Applying CVar settings loaded from the selected device profile: [Windows]
[2017.05.18-17.31.27:024][  0]LogInit: Computer: DAVID-PC
[2017.05.18-17.31.27:024][  0]LogInit: User: David
[2017.05.18-17.31.27:024][  0]LogInit: CPU Page size=65536, Cores=4
[2017.05.18-17.31.27:024][  0]LogInit: High frequency timer resolution =3.328123 MHz
[2017.05.18-17.31.27:024][  0]LogMemory: Memory total: Physical=16.0GB (16GB approx)
[2017.05.18-17.31.27:024][  0]LogMemory: Platform Memory Stats for Windows
[2017.05.18-17.31.27:024][  0]LogMemory: Process Physical Memory: 262.76 MB used, 262.76 MB peak
[2017.05.18-17.31.27:024][  0]LogMemory: Process Virtual Memory: 262.58 MB used, 262.58 MB peak
[2017.05.18-17.31.27:024][  0]LogMemory: Physical Memory: 8316.51 MB used,  8027.20 MB free, 16343.71 MB total
[2017.05.18-17.31.27:024][  0]LogMemory: Virtual Memory: 644.98 MB used,  8027.20 MB free, 134217728.00 MB total
[2017.05.18-17.31.27:690][  0]LogTextLocalizationManager: No specific translations for ('en-US') exist, so ('en') translations will be used.
[2017.05.18-17.31.30:082][  0]LogD3D11RHI: D3D11 adapters:
[2017.05.18-17.31.30:587][  0]LogD3D11RHI:    0. 'NVIDIA GeForce GTX 960' (Feature Level 11_0)
[2017.05.18-17.31.30:587][  0]LogD3D11RHI:       4061/0/8171 MB DedicatedVideo/DedicatedSystem/SharedSystem, Outputs:2, VendorId:0x10de
[2017.05.18-17.31.30:588][  0]LogD3D11RHI:    1. 'Microsoft Basic Render Driver' (Feature Level 11_0)
[2017.05.18-17.31.30:588][  0]LogD3D11RHI:       0/0/8171 MB DedicatedVideo/DedicatedSystem/SharedSystem, Outputs:0, VendorId:0x1414
[2017.05.18-17.31.30:588][  0]LogD3D11RHI: Chosen D3D11 Adapter: 0
[2017.05.18-17.31.30:594][  0]LogD3D11RHI: Creating new Direct3DDevice
[2017.05.18-17.31.30:594][  0]LogD3D11RHI:     GPU DeviceId: 0x1401 (for the marketing name, search the web for "GPU Device Id")
[2017.05.18-17.31.30:594][  0]LogWindows: EnumDisplayDevices:
[2017.05.18-17.31.30:594][  0]LogWindows:    0. 'NVIDIA GeForce GTX 960' (P:1 D:1)
[2017.05.18-17.31.30:594][  0]LogWindows:    1. 'NVIDIA GeForce GTX 960' (P:0 D:1)
[2017.05.18-17.31.30:594][  0]LogWindows:    2. 'NVIDIA GeForce GTX 960' (P:0 D:0)
[2017.05.18-17.31.30:594][  0]LogWindows:    3. 'NVIDIA GeForce GTX 960' (P:0 D:0)
[2017.05.18-17.31.30:594][  0]LogWindows: DebugString: FoundDriverCount:4 
[2017.05.18-17.31.30:594][  0]LogD3D11RHI:     Adapter Name: NVIDIA GeForce GTX 960
[2017.05.18-17.31.30:595][  0]LogD3D11RHI:   Driver Version: 376.53 (internal:21.21.13.7653, unified:376.53)
[2017.05.18-17.31.30:595][  0]LogD3D11RHI:      Driver Date: 12-29-2016
[2017.05.18-17.31.30:595][  0]LogRHI: Texture pool is 1361 MB (70% of 1945 MB)
[2017.05.18-17.31.31:062][  0]LogD3D11RHI: [Aftermath] Aftermath enabled but failed to initialize due to reason: DriverVersionNotSupported
[2017.05.18-17.31.31:062][  0]LogD3D11RHI: Async texture creation enabled
[2017.05.18-17.31.31:343][  0]LogD3D11RHI: GPU Timing Frequency: 1000.000000 (Debug: 2 1)
[2017.05.18-17.31.31:504][  0]LogShaderCompilers: Guid format shader working directory is -3 characters bigger than the processId version (C:/Users/David/Desktop/last transition minimap 2/Intermediate/Shaders/WorkingDirectory/13700/).
[2017.05.18-17.31.31:504][  0]LogShaderCompilers: Cleaned the shader compiler working directory 'C:/Users/David/AppData/Local/Temp/UnrealShaderWorkingDir/986B3BE141E88673AD6062ABEE056622/'.
[2017.05.18-17.31.31:504][  0]LogShaderCompilers:Display: Using Local Shader Compiler.
[2017.05.18-17.31.34:896][  0]LogTemp:Display: Loaded TP AllDesktopTargetPlatform
[2017.05.18-17.31.34:940][  0]LogTemp:Display: Loaded TP MacClientTargetPlatform
[2017.05.18-17.31.34:983][  0]LogTemp:Display: Loaded TP MacNoEditorTargetPlatform
[2017.05.18-17.31.35:023][  0]LogTemp:Display: Loaded TP MacServerTargetPlatform
[2017.05.18-17.31.35:076][  0]LogTemp:Display: Loaded TP MacTargetPlatform
[2017.05.18-17.31.35:117][  0]LogTemp:Display: Loaded TP WindowsClientTargetPlatform
[2017.05.18-17.31.35:158][  0]LogTemp:Display: Loaded TP WindowsNoEditorTargetPlatform
[2017.05.18-17.31.35:201][  0]LogTemp:Display: Loaded TP WindowsServerTargetPlatform
[2017.05.18-17.31.35:234][  0]LogTemp:Display: Loaded TP WindowsTargetPlatform
[2017.05.18-17.31.35:281][  0]LogTemp:Display: Loaded TP AndroidTargetPlatform
[2017.05.18-17.31.35:327][  0]LogTemp:Display: Loaded TP Android_ASTCTargetPlatform
[2017.05.18-17.31.35:366][  0]LogTemp:Display: Loaded TP Android_ATCTargetPlatform
[2017.05.18-17.31.35:405][  0]LogTemp:Display: Loaded TP Android_DXTTargetPlatform
[2017.05.18-17.31.35:448][  0]LogTemp:Display: Loaded TP Android_ETC1TargetPlatform
[2017.05.18-17.31.35:488][  0]LogTemp:Display: Loaded TP Android_ETC2TargetPlatform
[2017.05.18-17.31.35:571][  0]LogTemp:Display: Loaded TP Android_MultiTargetPlatform
[2017.05.18-17.31.35:571][  0]LogTemp:Display: Loaded TP Android_PVRTCTargetPlatform
[2017.05.18-17.31.35:597][  0]LogTemp:Display: Loaded TP HTML5TargetPlatform
[2017.05.18-17.31.35:731][  0]LogTemp:Display: Loaded TP IOSTargetPlatform
[2017.05.18-17.31.35:756][  0]LogTemp:Display: Loaded TP TVOSTargetPlatform
[2017.05.18-17.31.35:796][  0]LogTemp:Display: Loaded TP LinuxClientTargetPlatform
[2017.05.18-17.31.35:839][  0]LogTemp:Display: Loaded TP LinuxNoEditorTargetPlatform
[2017.05.18-17.31.35:880][  0]LogTemp:Display: Loaded TP LinuxServerTargetPlatform
[2017.05.18-17.31.35:922][  0]LogTemp:Display: Loaded TP LinuxTargetPlatform
[2017.05.18-17.31.35:922][  0]LogTargetPlatformManager:Display: Building Assets For Windows
[2017.05.18-17.31.36:832][  0]LogDerivedDataCache:Display: Max Cache Size: 512 MB
[2017.05.18-17.31.37:027][  0]LogDerivedDataCache: Loaded boot cache 0.20s 50MB C:/Users/David/AppData/Local/UnrealEngine/4.15/DerivedDataCache/Boot.ddc.
[2017.05.18-17.31.37:027][  0]LogDerivedDataCache:Display: Loaded Boot cache: C:/Users/David/AppData/Local/UnrealEngine/4.15/DerivedDataCache/Boot.ddc
[2017.05.18-17.31.37:027][  0]LogDerivedDataCache: FDerivedDataBackendGraph:  Pak pak cache file C:/Users/David/Desktop/last transition minimap 2/DerivedDataCache/DDC.ddp not found, will not use a pak cache.
[2017.05.18-17.31.37:027][  0]LogDerivedDataCache: Unable to find inner node Pak for hierarchical cache Hierarchy.
[2017.05.18-17.31.37:027][  0]LogDerivedDataCache: FDerivedDataBackendGraph:  CompressedPak pak cache file C:/Users/David/Desktop/last transition minimap 2/DerivedDataCache/Compressed.ddp not found, will not use a pak cache.
[2017.05.18-17.31.37:027][  0]LogDerivedDataCache: Unable to find inner node CompressedPak for hierarchical cache Hierarchy.
[2017.05.18-17.31.37:084][  0]LogDerivedDataCache:Display: Pak cache opened for reading ../../../Engine/DerivedDataCache/Compressed.ddp.
[2017.05.18-17.31.37:095][  0]LogDerivedDataCache: Using Local data cache path C:/Users/David/AppData/Local/UnrealEngine/Common/DerivedDataCache: Writable
[2017.05.18-17.31.37:461][  0]LogSlate: Using Freetype 2.6.0
[2017.05.18-17.31.37:705][  0]LogSlate: SlateFontCache - WITH_FREETYPE: 1, WITH_HARFBUZZ: 1
[2017.05.18-17.31.37:705][  0]LogSlate: SlateFontCache - WITH_FREETYPE: 1, WITH_HARFBUZZ: 1
[2017.05.18-17.31.46:038][  0]LogInit: Selected Device Profile: [Windows]
[2017.05.18-17.31.46:101][  0]LogContentStreaming: Texture pool size is 0.00 MB
[2017.05.18-17.31.46:832][  0]LogMeshUtilities: Using QuadricMeshReduction for automatic static mesh reduction
[2017.05.18-17.31.46:888][  0]LogSimplygon: Simplygon DLL not present - disabling.
[2017.05.18-17.31.46:944][  0]LogMeshUtilities: Using SimplygonSwarm for distributed automatic mesh merging
[2017.05.18-17.31.46:944][  0]LogMeshUtilities: No automatic skeletal mesh reduction module available
[2017.05.18-17.31.46:944][  0]LogMeshUtilities: No automatic mesh merging module available
[2017.05.18-17.31.51:011][  0]LogNetVersion: GetLocalNetworkVersion: CL: 3299760, ProjectName: lasttransmission, ProjectVersion: , EngineNetworkVersion: 2, GameNetworkVersion: 0, NetworkChecksum: 2719931449
[2017.05.18-17.31.51:167][  0]LogAssetRegistry: FAssetRegistry took 0.0233 seconds to start up
[2017.05.18-17.31.51:407][  0]LogPackageLocalizationCache: Processed 3 localized package path(s) for 2 prioritized culture(s) in 0.143708 seconds
[2017.05.18-17.31.51:463][  0]LogUObjectArray: 32493 objects as part of root set at end of initial load.
[2017.05.18-17.31.51:463][  0]LogUObjectAllocator: 7077032 out of 0 bytes used by permanent object pool.
[2017.05.18-17.31.51:463][  0]LogUObjectArray: CloseDisregardForGC: 0/0 objects in disregard for GC pool
[2017.05.18-17.31.51:586][  0]LogInit: WinSock: version 1.1 (2.2), MaxSocks=32767, MaxUdp=65467
[2017.05.18-17.31.56:788][  0]LogTcpMessaging: Initializing TcpMessaging bridge
[2017.05.18-17.31.56:900][  0]LogUdpMessaging: Initializing bridge on interface 0.0.0.0:0 to multicast group 230.0.0.1:6666.
[2017.05.18-17.31.58:124][  0]LogMaterial: Uniform references updated for custom material expression Custom.
[2017.05.18-17.31.58:735][  0]SourceControl: Info Source control is disabled
[2017.05.18-17.31.58:745][  0]SourceControl: Info Source control is disabled
[2017.05.18-17.31.58:823][  0]SourceControl: Info Source control is disabled
[2017.05.18-17.31.58:905][  0]SourceControl: Info Source control is disabled
[2017.05.18-17.32.01:584][  0]LogEngine: Initializing Engine...
[2017.05.18-17.32.01:604][  0]LogHMD: Failed to initialize OpenVR with code 110
[2017.05.18-17.32.01:937][  0]LogStats: UGameplayTagsManager::ConstructGameplayTagTree: Construct from data asset -  0.000 s
[2017.05.18-17.32.01:937][  0]LogStats: UGameplayTagsManager::ConstructGameplayTagTree: GameplayTagTreeChangedEvent.Broadcast -  0.000 s
[2017.05.18-17.32.02:401][  0]LogAIModule: Creating AISystem for world Untitled
[2017.05.18-17.32.02:540][  0]LogInit: XAudio2 using 'Speakers (Realtek High Definition Audio)' : 2 channels at 48 kHz using 32 bits per sample (channel mask 0x3)
[2017.05.18-17.32.02:616][  0]LogInit: FAudioDevice initialized.
[2017.05.18-17.32.02:637][  0]LogDerivedDataCache: Saved boot cache 0.02s 50MB C:/Users/David/AppData/Local/UnrealEngine/4.15/DerivedDataCache/Boot.ddc.
[2017.05.18-17.32.02:642][  0]LogInit: Texture streaming: Enabled
[2017.05.18-17.32.02:737][  0]LogEngineSessionManager: EngineSessionManager initialized
[2017.05.18-17.32.02:960][  0]LogInit: Transaction tracking system initialized
[2017.05.18-17.32.03:595][  0]BlueprintLog: New page: Editor Load
[2017.05.18-17.32.05:200][  0]LocalizationService: Info Localization service is disabled
[2017.05.18-17.32.06:288][  0]LogConsoleResponse:Display: 
[2017.05.18-17.32.08:482][  0]LogFileCache: Scanning file cache for directory 'C:/Users/David/Desktop/last transition minimap 2/Content/' took 0.02s
[2017.05.18-17.32.08:482][  0]LogCook:Display: Max memory allowance for cook 16384mb min free memory 0mb
[2017.05.18-17.32.08:483][  0]LogCook:Display: Mobile HDR setting 1
[2017.05.18-17.32.10:463][  0]SourceControl: Info Source control is disabled
[2017.05.18-17.32.10:507][  0]Cmd: MAP LOAD FILE="C:/Users/David/Desktop/last transition minimap 2/Content/Maps/Map_Race01.umap" TEMPLATE=0 SHOWPROGRESS=1 FEATURELEVEL=3
[2017.05.18-17.32.10:555][  0]LightingResults: New page: Lighting Build
[2017.05.18-17.32.11:044][  0]MapCheck: New page: Map Check
[2017.05.18-17.32.11:044][  0]LightingResults: New page: Lighting Build
[2017.05.18-17.32.16:272][  0]LogAIModule: Creating AISystem for world Map_Race01
[2017.05.18-17.32.17:507][  0]LogEditorServer: Finished looking for orphan Actors (0.000 secs)
[2017.05.18-17.32.17:605][  0]Cmd: MAP CHECKDEP NOCLEARLOG
[2017.05.18-17.32.17:646][  0]MapCheck: Info Map check complete: 0 Error(s), 0 Warning(s), took 41.425ms to complete.
[2017.05.18-17.32.17:646][  0]LogFileHelpers: Loading map 'Map_Race01' took 7.169
[2017.05.18-17.32.17:828][  0]LogCollectionManager: Loaded 0 collections in 0.001287 seconds
[2017.05.18-17.32.17:901][  0]LogFileCache: Scanning file cache for directory 'C:/Users/David/Desktop/last transition minimap 2/Saved/Collections/' took 0.01s
[2017.05.18-17.32.17:901][  0]LogFileCache: Scanning file cache for directory 'C:/Users/David/Desktop/last transition minimap 2/Content/Developers/David/Collections/' took 0.01s
[2017.05.18-17.32.17:901][  0]LogFileCache: Scanning file cache for directory 'C:/Users/David/Desktop/last transition minimap 2/Content/Collections/' took 0.01s
[2017.05.18-17.32.17:901][  0]LogCollectionManager: Rebuilt the GUID cache for 0 collections in 0.000001 seconds
[2017.05.18-17.32.17:909][  0]LogContentBrowser: Native class hierarchy populated in 0.0083 seconds. Added 2247 classes and 456 folders.
[2017.05.18-17.32.17:954][  0]LogContentBrowser: Native class hierarchy updated for 'WidgetCarousel' in 0.0004 seconds. Added 0 classes and 0 folders.
[2017.05.18-17.32.17:996][  0]LogContentBrowser: Native class hierarchy updated for 'AddContentDialog' in 0.0004 seconds. Added 0 classes and 0 folders.
[2017.05.18-17.32.18:026][  0]LogContentBrowser: Native class hierarchy updated for 'SceneOutliner' in 0.0004 seconds. Added 1 classes and 2 folders.
[2017.05.18-17.32.18:113][  0]LogCrashTracker: Crashtracker disabled due to settings.
[2017.05.18-17.32.18:121][  0]LogUObjectGlobals:Warning: Failed to find object 'Class None.'
[2017.05.18-17.32.18:231][  0]LogContentBrowser: Native class hierarchy updated for 'HierarchicalLODOutliner' in 0.0005 seconds. Added 1 classes and 2 folders.
[2017.05.18-17.32.18:231][  0]LogLoad: (Engine Initialization) Total time: 60.27 seconds
[2017.05.18-17.32.18:231][  0]LogLoad: (Engine Initialization) Total Blueprint compile time: 1.41 seconds
[2017.05.18-17.32.18:231][  0]LogExternalProfiler: No external profilers were discovered.  External profiling features will not be available.
[2017.05.18-17.32.18:625][  0]LogOcInput: OculusInput pre-init called
[2017.05.18-17.32.18:649][  0]LogRawInputWindows:Warning: Found device 0 devices
[2017.05.18-17.32.18:649][  0]LogRawInputWindows:Warning: Found device 0 devices
[2017.05.18-17.32.18:649][  0]LogRawInputWindows:Warning: Device was registered succesfully but not connected (Usage:4 UsagePage:1
[2017.05.18-17.32.19:013][  0]LogContentStreaming: Texture pool size now 1000 MB
[2017.05.18-17.32.19:156][  0]LogSlate: Took 0.012892 seconds to synchronously load lazily loaded font '../../../Engine/Content/Slate/Fonts/Roboto-Regular.ttf' (155K)
[2017.05.18-17.32.19:187][  0]LogSlate: Took 0.027638 seconds to synchronously load lazily loaded font '../../../Engine/Content/Slate/Fonts/Roboto-Bold.ttf' (160K)
[2017.05.18-17.32.19:301][  0]LogSlate: Took 0.019504 seconds to synchronously load lazily loaded font '../../../Engine/Content/Editor/Slate/Fonts/FontAwesome.ttf' (139K)
[2017.05.18-17.32.19:993][  0]LogRenderer: Reallocating scene render targets to support 1452x892 NumSamples 1 (Frame:2).
[2017.05.18-17.32.21:282][  3]LogAssetRegistry: Asset discovery search completed in 30.1362 seconds
[2017.05.18-17.32.21:282][  3]LogCollectionManager: Rebuilt the object cache for 0 collections in 0.000005 seconds (found 0 objects)
[2017.05.18-17.32.21:282][  3]LogCollectionManager: Fixed up redirectors for 0 collections in 0.000016 seconds (updated 0 objects)
[2017.05.18-17.35.11:885][892]LogSlate: Took 0.000197 seconds to synchronously load lazily loaded font '../../../Engine/Content/Slate/Fonts/Roboto-Light.ttf' (159K)
[2017.05.18-17.35.20:951][799]LogSlate: Took 0.000215 seconds to synchronously load lazily loaded font '../../../Engine/Content/Slate/Fonts/Roboto-Light.ttf' (159K)
[2017.05.18-17.35.21:323][799]LogAIModule: Creating AISystem for world map_kayla_blockout
[2017.05.18-17.35.21:437][799]Cmd: MAP LOAD FILE="C:/Users/David/Desktop/last transition minimap 2/Content/Maps/map_kayla_blockout.umap" TEMPLATE=0 SHOWPROGRESS=1 FEATURELEVEL=3
[2017.05.18-17.35.21:437][799]LightingResults: New page: Lighting Build
[2017.05.18-17.35.21:439][799]LoadErrors: New page: Loading map: map_kayla_blockout.umap
[2017.05.18-17.35.21:476][799]MapCheck: New page: Map Check
[2017.05.18-17.35.21:476][799]LightingResults: New page: Lighting Build
[2017.05.18-17.35.21:616][799]LogEditorServer: Finished looking for orphan Actors (0.000 secs)
[2017.05.18-17.35.21:639][799]Cmd: MAP CHECKDEP NOCLEARLOG
[2017.05.18-17.35.21:702][799]MapCheck: Info Map check complete: 0 Error(s), 0 Warning(s), took 62.506ms to complete.
[2017.05.18-17.35.21:702][799]LogFileHelpers: Loading map 'map_kayla_blockout' took 0.266
[2017.05.18-17.35.39:290][639]LogEditorViewport: Clicking Background
[2017.05.18-17.35.40:693][768]LogEditorViewport: Clicking Background
[2017.05.18-17.35.45:776][343]LogEditorViewport: Clicking Background
[2017.05.18-17.54.09:328][947]LogTemp: Repeting last play command: Selected Viewport
[2017.05.18-17.54.09:338][947]LogBlueprintUserMessages: Early PlayInEditor Detection: Level '/Game/Maps/map_kayla_blockout.map_kayla_blockout:PersistentLevel' has LevelScriptBlueprint '/Game/Maps/map_kayla_blockout.map_kayla_blockout:PersistentLevel.map_kayla_blockout' with GeneratedClass '/Game/Maps/map_kayla_blockout.map_kayla_blockout_C' with ClassGeneratedBy '/Game/Maps/map_kayla_blockout.map_kayla_blockout:PersistentLevel.map_kayla_blockout'
[2017.05.18-17.54.09:338][947]LogPlayLevel: PlayLevel: No blueprints needed recompiling
[2017.05.18-17.54.09:338][947]PIE: New page: PIE session: map_kayla_blockout (May 18, 2017, 3:54:09 AM)
[2017.05.18-17.54.09:339][947]LogPlayLevel: Creating play world package: /Game/Maps/UEDPIE_0_map_kayla_blockout
[2017.05.18-17.54.09:380][947]LogPlayLevel: PIE: StaticDuplicateObject took: (0.040822s)
[2017.05.18-17.54.09:382][947]LogAIModule: Creating AISystem for world map_kayla_blockout
[2017.05.18-17.54.09:382][947]LogPlayLevel: PIE: World Init took: (0.002126s)
[2017.05.18-17.54.09:382][947]LogPlayLevel: PIE: Created PIE world by copying editor world from /Game/Maps/map_kayla_blockout.map_kayla_blockout to /Game/Maps/UEDPIE_0_map_kayla_blockout.map_kayla_blockout (0.043537s)
[2017.05.18-17.54.09:394][947]LogInit: XAudio2 using 'Speakers (Realtek High Definition Audio)' : 2 channels at 48 kHz using 32 bits per sample (channel mask 0x3)
[2017.05.18-17.54.09:418][947]LogInit: FAudioDevice initialized.
[2017.05.18-17.54.09:461][947]LogLoad: Game class is 'GM_Main_C'
[2017.05.18-17.54.09:476][947]LogWorld: Bringing World /Game/Maps/UEDPIE_0_map_kayla_blockout.map_kayla_blockout up for play (max tick rate 0) at 2017.05.18-10.54.09
[2017.05.18-17.54.09:477][947]LogWorld: Bringing up level for play took: 0.010435
[2017.05.18-17.54.09:479][947]LogSpawn:Warning: SpawnActor failed because no class was specified
[2017.05.18-17.54.09:509][947]LogContentBrowser: Native class hierarchy updated for 'MovieSceneCapture' in 0.0008 seconds. Added 11 classes and 0 folders.
[2017.05.18-17.54.09:600][947]PIE: Info Play in editor start time for /Game/Maps/UEDPIE_0_map_kayla_blockout -0.722
[2017.05.18-17.54.09:600][947]LogBlueprintUserMessages: Late PlayInEditor Detection: Level '/Game/Maps/map_kayla_blockout.map_kayla_blockout:PersistentLevel' has LevelScriptBlueprint '/Game/Maps/map_kayla_blockout.map_kayla_blockout:PersistentLevel.map_kayla_blockout' with GeneratedClass '/Game/Maps/map_kayla_blockout.map_kayla_blockout_C' with ClassGeneratedBy '/Game/Maps/map_kayla_blockout.map_kayla_blockout:PersistentLevel.map_kayla_blockout'
[2017.05.18-17.54.10:068][989]LogBlueprintUserMessages: Early EndPlayMap Detection: Level '/Game/Maps/map_kayla_blockout.map_kayla_blockout:PersistentLevel' has LevelScriptBlueprint '/Game/Maps/map_kayla_blockout.map_kayla_blockout:PersistentLevel.map_kayla_blockout' with GeneratedClass '/Game/Maps/map_kayla_blockout.map_kayla_blockout_C' with ClassGeneratedBy '/Game/Maps/map_kayla_blockout.map_kayla_blockout:PersistentLevel.map_kayla_blockout'
[2017.05.18-17.54.10:104][989]LogBlueprintUserMessages: Late EndPlayMap Detection: Level '/Game/Maps/map_kayla_blockout.map_kayla_blockout:PersistentLevel' has LevelScriptBlueprint '/Game/Maps/map_kayla_blockout.map_kayla_blockout:PersistentLevel.map_kayla_blockout' with GeneratedClass '/Game/Maps/map_kayla_blockout.map_kayla_blockout_C' with ClassGeneratedBy '/Game/Maps/map_kayla_blockout.map_kayla_blockout:PersistentLevel.map_kayla_blockout'
[2017.05.18-17.54.11:357][131]LogTemp: Repeting last play command: Selected Viewport
[2017.05.18-17.54.11:366][131]LogBlueprintUserMessages: Early PlayInEditor Detection: Level '/Game/Maps/map_kayla_blockout.map_kayla_blockout:PersistentLevel' has LevelScriptBlueprint '/Game/Maps/map_kayla_blockout.map_kayla_blockout:PersistentLevel.map_kayla_blockout' with GeneratedClass '/Game/Maps/map_kayla_blockout.map_kayla_blockout_C' with ClassGeneratedBy '/Game/Maps/map_kayla_blockout.map_kayla_blockout:PersistentLevel.map_kayla_blockout'
[2017.05.18-17.54.11:366][131]LogPlayLevel: PlayLevel: No blueprints needed recompiling
[2017.05.18-17.54.11:366][131]PIE: New page: PIE session: map_kayla_blockout (May 18, 2017, 3:54:11 AM)
[2017.05.18-17.54.11:366][131]LogPlayLevel: Creating play world package: /Game/Maps/UEDPIE_0_map_kayla_blockout
[2017.05.18-17.54.11:395][131]LogPlayLevel: PIE: StaticDuplicateObject took: (0.028392s)
[2017.05.18-17.54.11:395][131]LogAIModule: Creating AISystem for world map_kayla_blockout
[2017.05.18-17.54.11:395][131]LogPlayLevel: PIE: World Init took: (0.000705s)
[2017.05.18-17.54.11:395][131]LogPlayLevel: PIE: Created PIE world by copying editor world from /Game/Maps/map_kayla_blockout.map_kayla_blockout to /Game/Maps/UEDPIE_0_map_kayla_blockout.map_kayla_blockout (0.029375s)
[2017.05.18-17.54.11:409][131]LogInit: XAudio2 using 'Speakers (Realtek High Definition Audio)' : 2 channels at 48 kHz using 32 bits per sample (channel mask 0x3)
[2017.05.18-17.54.11:433][131]LogInit: FAudioDevice initialized.
[2017.05.18-17.54.11:461][131]LogLoad: Game class is 'GM_Main_C'
[2017.05.18-17.54.11:474][131]LogWorld: Bringing World /Game/Maps/UEDPIE_0_map_kayla_blockout.map_kayla_blockout up for play (max tick rate 0) at 2017.05.18-10.54.11
[2017.05.18-17.54.11:475][131]LogWorld: Bringing up level for play took: 0.009449
[2017.05.18-17.54.11:475][131]LogSpawn:Warning: SpawnActor failed because no class was specified
[2017.05.18-17.54.11:477][131]PIE: Info Play in editor start time for /Game/Maps/UEDPIE_0_map_kayla_blockout -0.845
[2017.05.18-17.54.11:477][131]LogBlueprintUserMessages: Late PlayInEditor Detection: Level '/Game/Maps/map_kayla_blockout.map_kayla_blockout:PersistentLevel' has LevelScriptBlueprint '/Game/Maps/map_kayla_blockout.map_kayla_blockout:PersistentLevel.map_kayla_blockout' with GeneratedClass '/Game/Maps/map_kayla_blockout.map_kayla_blockout_C' with ClassGeneratedBy '/Game/Maps/map_kayla_blockout.map_kayla_blockout:PersistentLevel.map_kayla_blockout'
[2017.05.18-17.54.11:836][168]LogBlueprintUserMessages: Early EndPlayMap Detection: Level '/Game/Maps/map_kayla_blockout.map_kayla_blockout:PersistentLevel' has LevelScriptBlueprint '/Game/Maps/map_kayla_blockout.map_kayla_blockout:PersistentLevel.map_kayla_blockout' with GeneratedClass '/Game/Maps/map_kayla_blockout.map_kayla_blockout_C' with ClassGeneratedBy '/Game/Maps/map_kayla_blockout.map_kayla_blockout:PersistentLevel.map_kayla_blockout'
[2017.05.18-17.54.11:869][168]LogBlueprintUserMessages: Late EndPlayMap Detection: Level '/Game/Maps/map_kayla_blockout.map_kayla_blockout:PersistentLevel' has LevelScriptBlueprint '/Game/Maps/map_kayla_blockout.map_kayla_blockout:PersistentLevel.map_kayla_blockout' with GeneratedClass '/Game/Maps/map_kayla_blockout.map_kayla_blockout_C' with ClassGeneratedBy '/Game/Maps/map_kayla_blockout.map_kayla_blockout:PersistentLevel.map_kayla_blockout'
[2017.05.18-17.54.30:786][923]LogTemp: Repeting last play command: Selected Viewport
[2017.05.18-17.54.30:795][923]LogBlueprintUserMessages: Early PlayInEditor Detection: Level '/Game/Maps/map_kayla_blockout.map_kayla_blockout:PersistentLevel' has LevelScriptBlueprint '/Game/Maps/map_kayla_blockout.map_kayla_blockout:PersistentLevel.map_kayla_blockout' with GeneratedClass '/Game/Maps/map_kayla_blockout.map_kayla_blockout_C' with ClassGeneratedBy '/Game/Maps/map_kayla_blockout.map_kayla_blockout:PersistentLevel.map_kayla_blockout'
[2017.05.18-17.54.30:795][923]LogPlayLevel: PlayLevel: No blueprints needed recompiling
[2017.05.18-17.54.30:795][923]PIE: New page: PIE session: map_kayla_blockout (May 18, 2017, 3:54:30 AM)
[2017.05.18-17.54.30:795][923]LogPlayLevel: Creating play world package: /Game/Maps/UEDPIE_0_map_kayla_blockout
[2017.05.18-17.54.30:824][923]LogPlayLevel: PIE: StaticDuplicateObject took: (0.028437s)
[2017.05.18-17.54.30:825][923]LogAIModule: Creating AISystem for world map_kayla_blockout
[2017.05.18-17.54.30:825][923]LogPlayLevel: PIE: World Init took: (0.000948s)
[2017.05.18-17.54.30:825][923]LogPlayLevel: PIE: Created PIE world by copying editor world from /Game/Maps/map_kayla_blockout.map_kayla_blockout to /Game/Maps/UEDPIE_0_map_kayla_blockout.map_kayla_blockout (0.029853s)
[2017.05.18-17.54.30:836][923]LogInit: XAudio2 using 'Speakers (Realtek High Definition Audio)' : 2 channels at 48 kHz using 32 bits per sample (channel mask 0x3)
[2017.05.18-17.54.30:858][923]LogInit: FAudioDevice initialized.
[2017.05.18-17.54.30:892][923]LogLoad: Game class is 'GM_Main_C'
[2017.05.18-17.54.30:905][923]LogWorld: Bringing World /Game/Maps/UEDPIE_0_map_kayla_blockout.map_kayla_blockout up for play (max tick rate 0) at 2017.05.18-10.54.30
[2017.05.18-17.54.30:906][923]LogWorld: Bringing up level for play took: 0.009917
[2017.05.18-17.54.30:906][923]LogSpawn:Warning: SpawnActor failed because no class was specified
[2017.05.18-17.54.30:908][923]PIE: Info Play in editor start time for /Game/Maps/UEDPIE_0_map_kayla_blockout 0.586
[2017.05.18-17.54.30:908][923]LogBlueprintUserMessages: Late PlayInEditor Detection: Level '/Game/Maps/map_kayla_blockout.map_kayla_blockout:PersistentLevel' has LevelScriptBlueprint '/Game/Maps/map_kayla_blockout.map_kayla_blockout:PersistentLevel.map_kayla_blockout' with GeneratedClass '/Game/Maps/map_kayla_blockout.map_kayla_blockout_C' with ClassGeneratedBy '/Game/Maps/map_kayla_blockout.map_kayla_blockout:PersistentLevel.map_kayla_blockout'
[2017.05.18-17.54.47:523][903]LogBlueprintUserMessages: Early EndPlayMap Detection: Level '/Game/Maps/map_kayla_blockout.map_kayla_blockout:PersistentLevel' has LevelScriptBlueprint '/Game/Maps/map_kayla_blockout.map_kayla_blockout:PersistentLevel.map_kayla_blockout' with GeneratedClass '/Game/Maps/map_kayla_blockout.map_kayla_blockout_C' with ClassGeneratedBy '/Game/Maps/map_kayla_blockout.map_kayla_blockout:PersistentLevel.map_kayla_blockout'
[2017.05.18-17.54.47:559][903]LogBlueprintUserMessages: Late EndPlayMap Detection: Level '/Game/Maps/map_kayla_blockout.map_kayla_blockout:PersistentLevel' has LevelScriptBlueprint '/Game/Maps/map_kayla_blockout.map_kayla_blockout:PersistentLevel.map_kayla_blockout' with GeneratedClass '/Game/Maps/map_kayla_blockout.map_kayla_blockout_C' with ClassGeneratedBy '/Game/Maps/map_kayla_blockout.map_kayla_blockout:PersistentLevel.map_kayla_blockout'
[2017.05.18-17.55.15:055][811]LogTemp: Repeting last play command: Selected Viewport
[2017.05.18-17.55.15:065][811]LogBlueprintUserMessages: Early PlayInEditor Detection: Level '/Game/Maps/map_kayla_blockout.map_kayla_blockout:PersistentLevel' has LevelScriptBlueprint '/Game/Maps/map_kayla_blockout.map_kayla_blockout:PersistentLevel.map_kayla_blockout' with GeneratedClass '/Game/Maps/map_kayla_blockout.map_kayla_blockout_C' with ClassGeneratedBy '/Game/Maps/map_kayla_blockout.map_kayla_blockout:PersistentLevel.map_kayla_blockout'
[2017.05.18-17.55.15:065][811]LogPlayLevel: PlayLevel: No blueprints needed recompiling
[2017.05.18-17.55.15:065][811]PIE: New page: PIE session: map_kayla_blockout (May 18, 2017, 3:55:15 AM)
[2017.05.18-17.55.15:065][811]LogPlayLevel: Creating play world package: /Game/Maps/UEDPIE_0_map_kayla_blockout
[2017.05.18-17.55.15:094][811]LogPlayLevel: PIE: StaticDuplicateObject took: (0.029222s)
[2017.05.18-17.55.15:095][811]LogAIModule: Creating AISystem for world map_kayla_blockout
[2017.05.18-17.55.15:095][811]LogPlayLevel: PIE: World Init took: (0.000846s)
[2017.05.18-17.55.15:095][811]LogPlayLevel: PIE: Created PIE world by copying editor world from /Game/Maps/map_kayla_blockout.map_kayla_blockout to /Game/Maps/UEDPIE_0_map_kayla_blockout.map_kayla_blockout (0.030345s)
[2017.05.18-17.55.15:107][811]LogInit: XAudio2 using 'Speakers (Realtek High Definition Audio)' : 2 channels at 48 kHz using 32 bits per sample (channel mask 0x3)
[2017.05.18-17.55.15:132][811]LogInit: FAudioDevice initialized.
[2017.05.18-17.55.15:163][811]LogLoad: Game class is 'GM_Main_C'
[2017.05.18-17.55.15:176][811]LogWorld: Bringing World /Game/Maps/UEDPIE_0_map_kayla_blockout.map_kayla_blockout up for play (max tick rate 0) at 2017.05.18-10.55.15
[2017.05.18-17.55.15:176][811]LogWorld: Bringing up level for play took: 0.009440
[2017.05.18-17.55.15:177][811]LogSpawn:Warning: SpawnActor failed because no class was specified
[2017.05.18-17.55.15:178][811]PIE: Info Play in editor start time for /Game/Maps/UEDPIE_0_map_kayla_blockout 0.856
[2017.05.18-17.55.15:178][811]LogBlueprintUserMessages: Late PlayInEditor Detection: Level '/Game/Maps/map_kayla_blockout.map_kayla_blockout:PersistentLevel' has LevelScriptBlueprint '/Game/Maps/map_kayla_blockout.map_kayla_blockout:PersistentLevel.map_kayla_blockout' with GeneratedClass '/Game/Maps/map_kayla_blockout.map_kayla_blockout_C' with ClassGeneratedBy '/Game/Maps/map_kayla_blockout.map_kayla_blockout:PersistentLevel.map_kayla_blockout'
[2017.05.18-17.55.28:415][393]LogBlueprintUserMessages: Early EndPlayMap Detection: Level '/Game/Maps/map_kayla_blockout.map_kayla_blockout:PersistentLevel' has LevelScriptBlueprint '/Game/Maps/map_kayla_blockout.map_kayla_blockout:PersistentLevel.map_kayla_blockout' with GeneratedClass '/Game/Maps/map_kayla_blockout.map_kayla_blockout_C' with ClassGeneratedBy '/Game/Maps/map_kayla_blockout.map_kayla_blockout:PersistentLevel.map_kayla_blockout'
[2017.05.18-17.55.28:450][393]LogBlueprintUserMessages: Late EndPlayMap Detection: Level '/Game/Maps/map_kayla_blockout.map_kayla_blockout:PersistentLevel' has LevelScriptBlueprint '/Game/Maps/map_kayla_blockout.map_kayla_blockout:PersistentLevel.map_kayla_blockout' with GeneratedClass '/Game/Maps/map_kayla_blockout.map_kayla_blockout_C' with ClassGeneratedBy '/Game/Maps/map_kayla_blockout.map_kayla_blockout:PersistentLevel.map_kayla_blockout'
[2017.05.18-17.57.24:175][103]Cmd: SELECT NONE
[2017.05.18-18.02.19:289][223]Cmd: QUIT_EDITOR
[2017.05.18-18.02.19:455][223]LogWindowsTextInputMethodSystem:Display: IME system now deactivated.
[2017.05.18-18.02.19:484][223]LogExit: Preparing to exit.
[2017.05.18-18.02.20:754][223]LogExit: Editor shut down
[2017.05.18-18.02.20:756][223]LogExit: Transaction tracking system shut down
[2017.05.18-18.02.21:097][223]LogObj: Freed 0b from 0 cluster array pools.
[2017.05.18-18.02.21:097][223]LogExit: Object subsystem successfully closed.
[2017.05.18-18.02.21:235][223]LogD3D11RHI: Shutdown
[2017.05.18-18.02.21:235][223]LogD3D11RHI: CleanupD3DDevice
[2017.05.18-18.02.21:387][223]LogD3D11RHI: ~FD3D11DynamicRHI
[2017.05.18-18.02.22:242][223]LogModuleManager: Shutting down and abandoning module MovieSceneCapture (502)
[2017.05.18-18.02.22:256][223]LogModuleManager: Shutting down and abandoning module HierarchicalLODOutliner (500)
[2017.05.18-18.02.22:256][223]LogModuleManager: Shutting down and abandoning module CrashTracker (498)
[2017.05.18-18.02.22:256][223]LogModuleManager: Shutting down and abandoning module SceneOutliner (496)
[2017.05.18-18.02.22:256][223]LogModuleManager: Shutting down and abandoning module AddContentDialog (494)
[2017.05.18-18.02.22:318][223]LogDirectoryWatcher: A directory notification for 'D:/UE_4.15/FeaturePacks/' was aborted.
[2017.05.18-18.02.22:341][223]LogModuleManager: Shutting down and abandoning module WidgetCarousel (493)
[2017.05.18-18.02.22:341][223]LogModuleManager: Shutting down and abandoning module EditorWidgets (490)
[2017.05.18-18.02.22:341][223]LogModuleManager: Shutting down and abandoning module CollectionManager (488)
[2017.05.18-18.02.22:352][223]LogDirectoryWatcher: A directory notification for 'C:/Users/David/Desktop/last transition minimap 2/Content/Collections/' was aborted.
[2017.05.18-18.02.22:352][223]LogDirectoryWatcher: A directory notification for 'C:/Users/David/Desktop/last transition minimap 2/Content/Developers/David/Collections/' was aborted.
[2017.05.18-18.02.22:352][223]LogDirectoryWatcher: A directory notification for 'C:/Users/David/Desktop/last transition minimap 2/Saved/Collections/' was aborted.
[2017.05.18-18.02.22:352][223]LogModuleManager: Shutting down and abandoning module StatsViewer (486)
[2017.05.18-18.02.22:352][223]LogModuleManager: Shutting down and abandoning module FoliageEdit (484)
[2017.05.18-18.02.22:352][223]LogModuleManager: Shutting down and abandoning module LandscapeEditor (482)
[2017.05.18-18.02.22:353][223]LogModuleManager: Shutting down and abandoning module SceneDepthPickerMode (480)
[2017.05.18-18.02.22:353][223]LogModuleManager: Shutting down and abandoning module ActorPickerMode (478)
[2017.05.18-18.02.22:353][223]LogModuleManager: Shutting down and abandoning module GeometryMode (476)
[2017.05.18-18.02.22:353][223]LogModuleManager: Shutting down and abandoning module TextureAlignMode (474)
[2017.05.18-18.02.22:353][223]LogModuleManager: Shutting down and abandoning module BspMode (472)
[2017.05.18-18.02.22:362][223]LogModuleManager: Shutting down and abandoning module HardwareSurvey (470)
[2017.05.18-18.02.22:362][223]LogModuleManager: Shutting down and abandoning module SequenceRecorderSections (468)
[2017.05.18-18.02.22:362][223]LogModuleManager: Shutting down and abandoning module AutomationWorker (466)
[2017.05.18-18.02.22:367][223]LogModuleManager: Shutting down and abandoning module MatineeToLevelSequence (464)
[2017.05.18-18.02.22:367][223]LogModuleManager: Shutting down and abandoning module LevelSequenceEditor (462)
[2017.05.18-18.02.22:409][223]LogModuleManager: Shutting down and abandoning module PlacementMode (461)
[2017.05.18-18.02.22:409][223]LogModuleManager: Shutting down and abandoning module WmfMediaFactory (458)
[2017.05.18-18.02.22:409][223]LogModuleManager: Shutting down and abandoning module WmfMediaEditor (456)
[2017.05.18-18.02.22:409][223]LogModuleManager: Shutting down and abandoning module MfMediaFactory (454)
[2017.05.18-18.02.22:409][223]LogModuleManager: Shutting down and abandoning module MfMediaEditor (452)
[2017.05.18-18.02.22:409][223]LogModuleManager: Shutting down and abandoning module AvfMediaFactory (450)
[2017.05.18-18.02.22:409][223]LogModuleManager: Shutting down and abandoning module AvfMediaEditor (448)
[2017.05.18-18.02.22:409][223]LogModuleManager: Shutting down and abandoning module AndroidMediaFactory (446)
[2017.05.18-18.02.22:409][223]LogModuleManager: Shutting down and abandoning module Media (445)
[2017.05.18-18.02.22:409][223]LogModuleManager: Shutting down and abandoning module AndroidMediaEditor (442)
[2017.05.18-18.02.22:409][223]LogModuleManager: Shutting down and abandoning module CharacterAI (440)
[2017.05.18-18.02.22:409][223]LogModuleManager: Shutting down and abandoning module AudioCapture (438)
[2017.05.18-18.02.22:409][223]LogModuleManager: Shutting down and abandoning module SequenceRecorder (437)
[2017.05.18-18.02.22:421][223]LogModuleManager: Shutting down and abandoning module SmartSnapping (434)
[2017.05.18-18.02.22:421][223]LogModuleManager: Shutting down and abandoning module SessionServices (432)
[2017.05.18-18.02.22:421][223]LogModuleManager: Shutting down and abandoning module ViewportSnapping (430)
[2017.05.18-18.02.22:421][223]LogModuleManager: Shutting down and abandoning module ViewportInteraction (428)
[2017.05.18-18.02.22:421][223]LogModuleManager: Shutting down and abandoning module LogVisualizer (426)
[2017.05.18-18.02.22:436][223]LogModuleManager: Shutting down and abandoning module IntroTutorials (424)
[2017.05.18-18.02.22:446][223]LogModuleManager: Shutting down and abandoning module GameProjectGeneration (423)
[2017.05.18-18.02.22:469][223]LogModuleManager: Shutting down and abandoning module EditorLiveStreaming (420)
[2017.05.18-18.02.22:469][223]LogModuleManager: Shutting down and abandoning module IOSPlatformEditor (418)
[2017.05.18-18.02.22:469][223]LogModuleManager: Shutting down and abandoning module HTML5PlatformEditor (416)
[2017.05.18-18.02.22:469][223]LogModuleManager: Shutting down and abandoning module AndroidPlatformEditor (414)
[2017.05.18-18.02.22:482][223]LogModuleManager: Shutting down and abandoning module AndroidDeviceDetection (413)
[2017.05.18-18.02.23:286][223]LogModuleManager: Shutting down and abandoning module IOSRuntimeSettings (410)
[2017.05.18-18.02.23:286][223]LogModuleManager: Shutting down and abandoning module AndroidRuntimeSettings (408)
[2017.05.18-18.02.23:286][223]LogModuleManager: Shutting down and abandoning module InputBindingEditor (406)
[2017.05.18-18.02.23:300][223]LogModuleManager: Shutting down and abandoning module NiagaraEditor (404)
[2017.05.18-18.02.23:330][223]LogModuleManager: Shutting down and abandoning module MergeActors (402)
[2017.05.18-18.02.23:341][223]LogModuleManager: Shutting down and abandoning module SizeMap (400)
[2017.05.18-18.02.23:341][223]LogModuleManager: Shutting down and abandoning module TreeMap (398)
[2017.05.18-18.02.23:352][223]LogModuleManager: Shutting down and abandoning module ReferenceViewer (396)
[2017.05.18-18.02.23:352][223]LogModuleManager: Shutting down and abandoning module LocalizationDashboard (394)
[2017.05.18-18.02.23:366][223]LogModuleManager: Shutting down and abandoning module LocalizationService (393)
[2017.05.18-18.02.23:383][223]LogModuleManager: Shutting down and abandoning module HardwareTargeting (390)
[2017.05.18-18.02.23:392][223]LogModuleManager: Shutting down and abandoning module DeviceProfileEditor (388)
[2017.05.18-18.02.23:413][223]LogModuleManager: Shutting down and abandoning module UndoHistory (386)
[2017.05.18-18.02.23:428][223]LogModuleManager: Shutting down and abandoning module UserFeedback (384)
[2017.05.18-18.02.23:428][223]LogModuleManager: Shutting down and abandoning module XmlParser (382)
[2017.05.18-18.02.23:429][223]LogModuleManager: Shutting down and abandoning module Blutility (380)
[2017.05.18-18.02.23:433][223]LogModuleManager: Shutting down and abandoning module ProjectSettingsViewer (378)
[2017.05.18-18.02.23:433][223]LogModuleManager: Shutting down and abandoning module ProjectTargetPlatformEditor (377)
[2017.05.18-18.02.23:433][223]LogModuleManager: Shutting down and abandoning module EditorSettingsViewer (374)
[2017.05.18-18.02.23:433][223]LogModuleManager: Shutting down and abandoning module SettingsEditor (372)
[2017.05.18-18.02.23:441][223]LogModuleManager: Shutting down and abandoning module ProjectLauncher (370)
[2017.05.18-18.02.23:446][223]LogModuleManager: Shutting down and abandoning module SessionFrontend (368)
[2017.05.18-18.02.23:463][223]LogModuleManager: Shutting down and abandoning module ProfilerClient (366)
[2017.05.18-18.02.23:480][223]LogModuleManager: Shutting down and abandoning module DeviceManager (364)
[2017.05.18-18.02.23:490][223]LogModuleManager: Shutting down and abandoning module TargetDeviceServices (363)
[2017.05.18-18.02.23:533][223]LogModuleManager: Shutting down and abandoning module AutomationController (360)
[2017.05.18-18.02.23:537][223]LogModuleManager: Shutting down and abandoning module AutomationWindow (358)
[2017.05.18-18.02.23:544][223]LogModuleManager: Shutting down and abandoning module Layers (356)
[2017.05.18-18.02.23:564][223]LogModuleManager: Shutting down and abandoning module ComponentVisualizers (354)
[2017.05.18-18.02.23:565][223]LogModuleManager: Shutting down and abandoning module DetailCustomizations (352)
[2017.05.18-18.02.23:602][223]LogModuleManager: Shutting down and abandoning module PackagesDialog (350)
[2017.05.18-18.02.23:602][223]LogModuleManager: Shutting down and abandoning module Persona (348)
[2017.05.18-18.02.23:621][223]LogModuleManager: Shutting down and abandoning module AnimGraph (347)
[2017.05.18-18.02.23:621][223]LogModuleManager: Shutting down and abandoning module Kismet (344)
[2017.05.18-18.02.23:637][223]LogModuleManager: Shutting down and abandoning module GraphEditor (342)
[2017.05.18-18.02.23:689][223]LogModuleManager: Shutting down and abandoning module ClassViewer (340)
[2017.05.18-18.02.23:689][223]LogModuleManager: Shutting down and abandoning module Toolbox (338)
[2017.05.18-18.02.23:689][223]LogModuleManager: Shutting down and abandoning module ModuleUI (336)
[2017.05.18-18.02.23:703][223]LogModuleManager: Shutting down and abandoning module MovieSceneTools (334)
[2017.05.18-18.02.23:708][223]LogModuleManager: Shutting down and abandoning module OutputLog (332)
[2017.05.18-18.02.23:709][223]LogModuleManager: Shutting down and abandoning module GammaUI (330)
[2017.05.18-18.02.23:715][223]LogModuleManager: Shutting down and abandoning module Documentation (328)
[2017.05.18-18.02.23:715][223]LogModuleManager: Shutting down and abandoning module Niagara (326)
[2017.05.18-18.02.23:715][223]LogModuleManager: Shutting down and abandoning module StreamingPauseRendering (324)
[2017.05.18-18.02.23:715][223]LogModuleManager: Shutting down and abandoning module AnalyticsET (322)
[2017.05.18-18.02.23:715][223]LogModuleManager: Shutting down and abandoning module PortalServices (320)
[2017.05.18-18.02.23:715][223]LogModuleManager: Shutting down and abandoning module PortalRpc (318)
[2017.05.18-18.02.23:715][223]LogModuleManager: Shutting down and abandoning module MessagingRpc (316)
[2017.05.18-18.02.23:715][223]LogModuleManager: Shutting down and abandoning module AIModule (314)
[2017.05.18-18.02.23:720][223]LogModuleManager: Shutting down and abandoning module GameplayDebugger (313)
[2017.05.18-18.02.23:737][223]LogModuleManager: Shutting down and abandoning module AITestSuite (311)
[2017.05.18-18.02.23:737][223]LogModuleManager: Shutting down and abandoning module ProfilerService (308)
[2017.05.18-18.02.23:933][223]LogModuleManager: Shutting down and abandoning module TaskGraph (306)
[2017.05.18-18.02.23:933][223]LogModuleManager: Shutting down and abandoning module SteamVRController (304)
[2017.05.18-18.02.23:933][223]LogModuleManager: Shutting down and abandoning module SteamVR (302)
[2017.05.18-18.02.23:933][223]LogModuleManager: Shutting down and abandoning module ProceduralMeshComponentEditor (300)
[2017.05.18-18.02.23:933][223]LogModuleManager: Shutting down and abandoning module ProceduralMeshComponent (298)
[2017.05.18-18.02.23:933][223]LogModuleManager: Shutting down and abandoning module OculusLibrary (296)
[2017.05.18-18.02.23:933][223]LogModuleManager: Shutting down and abandoning module OculusInput (294)
[2017.05.18-18.02.23:933][223]LogModuleManager: Shutting down and abandoning module MobilePatchingUtils (292)
[2017.05.18-18.02.23:933][223]LogModuleManager: Shutting down and abandoning module CustomMeshComponent (290)
[2017.05.18-18.02.23:933][223]LogModuleManager: Shutting down and abandoning module CableComponent (288)
[2017.05.18-18.02.23:933][223]LogModuleManager: Shutting down and abandoning module ArchVisCharacter (286)
[2017.05.18-18.02.23:933][223]LogModuleManager: Shutting down and abandoning module MediaPlayerEditor (282)
[2017.05.18-18.02.23:933][223]LogModuleManager: Shutting down and abandoning module RawInput (280)
[2017.05.18-18.02.23:933][223]LogModuleManager: Shutting down and abandoning module HTML5Networking (278)
[2017.05.18-18.02.23:933][223]LogModuleManager: Shutting down and abandoning module AlembicImporter (276)
[2017.05.18-18.02.23:933][223]LogModuleManager: Shutting down and abandoning module AlembicLibrary (275)
[2017.05.18-18.02.23:933][223]LogModuleManager: Shutting down and abandoning module GeometryCache (274)
[2017.05.18-18.02.23:933][223]LogModuleManager: Shutting down and abandoning module GeometryCacheEd (273)
[2017.05.18-18.02.23:933][223]LogModuleManager: Shutting down and abandoning module SuperSearchEditor (268)
[2017.05.18-18.02.23:933][223]LogModuleManager: Shutting down and abandoning module SuperSearch (267)
[2017.05.18-18.02.23:933][223]LogModuleManager: Shutting down and abandoning module SpeedTreeImporter (264)
[2017.05.18-18.02.23:933][223]LogModuleManager: Shutting down and abandoning module PluginBrowser (262)
[2017.05.18-18.02.23:933][223]LogModuleManager: Shutting down and abandoning module MobileLauncherProfileWizard (260)
[2017.05.18-18.02.23:933][223]LogModuleManager: Shutting down and abandoning module EpicSurvey (258)
[2017.05.18-18.02.23:933][223]LogModuleManager: Shutting down and abandoning module VisualStudioSourceCodeAccess (256)
[2017.05.18-18.02.23:933][223]LogModuleManager: Shutting down and abandoning module DesktopPlatform (255)
[2017.05.18-18.02.23:933][223]LogModuleManager: Shutting down and abandoning module UObjectPlugin (252)
[2017.05.18-18.02.23:933][223]LogModuleManager: Shutting down and abandoning module SubversionSourceControl (250)
[2017.05.18-18.02.23:933][223]LogModuleManager: Shutting down and abandoning module PerforceSourceControl (248)
[2017.05.18-18.02.23:933][223]LogModuleManager: Shutting down and abandoning module GitSourceControl (246)
[2017.05.18-18.02.23:933][223]LogModuleManager: Shutting down and abandoning module SourceControl (245)
[2017.05.18-18.02.23:934][223]LogModuleManager: Shutting down and abandoning module LightPropagationVolumeEditor (242)
[2017.05.18-18.02.23:935][223]LogModuleManager: Shutting down and abandoning module PaperTiledImporter (240)
[2017.05.18-18.02.23:935][223]LogModuleManager: Shutting down and abandoning module PaperSpriteSheetImporter (238)
[2017.05.18-18.02.23:935][223]LogModuleManager: Shutting down and abandoning module Paper2DEditor (236)
[2017.05.18-18.02.23:949][223]LogModuleManager: Shutting down and abandoning module MeshPaint (235)
[2017.05.18-18.02.23:968][223]LogModuleManager: Shutting down and abandoning module LevelEditor (233)
[2017.05.18-18.02.23:979][223]LogModuleManager: Shutting down and abandoning module PixelInspectorModule (232)
[2017.05.18-18.02.24:003][223]LogModuleManager: Shutting down and abandoning module MainFrame (230)
[2017.05.18-18.02.24:003][223]LogModuleManager: Shutting down and abandoning module HotReload (229)
[2017.05.18-18.02.24:016][223]LogModuleManager: Shutting down and abandoning module ContentBrowser (225)
[2017.05.18-18.02.24:018][223]LogModuleManager: Shutting down and abandoning module PhysXVehiclesEditor (222)
[2017.05.18-18.02.24:032][223]LogModuleManager: Shutting down and abandoning module PhysXVehicles (220)
[2017.05.18-18.02.24:033][223]LogModuleManager: Shutting down and abandoning module LocationServicesBPLibrary (218)
[2017.05.18-18.02.24:033][223]LogModuleManager: Shutting down and abandoning module UdpMessaging (216)
[2017.05.18-18.02.24:133][223]LogModuleManager: Shutting down and abandoning module TcpMessaging (214)
[2017.05.18-18.02.24:252][223]LogModuleManager: Shutting down and abandoning module GameplayTagsEditor (212)
[2017.05.18-18.02.24:292][223]LogModuleManager: Shutting down and abandoning module FacialAnimationEditor (210)
[2017.05.18-18.02.24:313][223]LogModuleManager: Shutting down and abandoning module FacialAnimation (208)
[2017.05.18-18.02.24:313][223]LogModuleManager: Shutting down and abandoning module LightPropagationVolumeRuntime (206)
[2017.05.18-18.02.24:313][223]LogModuleManager: Shutting down and abandoning module Paper2D (204)
[2017.05.18-18.02.24:323][223]LogModuleManager: Shutting down and abandoning module WindowsMoviePlayer (202)
[2017.05.18-18.02.24:323][223]LogModuleManager: Shutting down and abandoning module WmfMedia (200)
[2017.05.18-18.02.24:323][223]LogModuleManager: Shutting down and abandoning module MfMedia (198)
[2017.05.18-18.02.24:323][223]LogModuleManager: Shutting down and abandoning module MediaAssets (196)
[2017.05.18-18.02.24:323][223]LogModuleManager: Shutting down and abandoning module GameLiveStreaming (194)
[2017.05.18-18.02.24:333][223]LogModuleManager: Shutting down and abandoning module VREditor (192)
[2017.05.18-18.02.24:340][223]LogModuleManager: Shutting down and abandoning module GameplayTasksEditor (190)
[2017.05.18-18.02.24:340][223]LogModuleManager: Shutting down and abandoning module BehaviorTreeEditor (188)
[2017.05.18-18.02.24:361][223]LogModuleManager: Shutting down and abandoning module FunctionalTesting (186)
[2017.05.18-18.02.24:379][223]LogModuleManager: Shutting down and abandoning module CollisionAnalyzer (184)
[2017.05.18-18.02.24:397][223]LogModuleManager: Shutting down and abandoning module UMG (182)
[2017.05.18-18.02.24:403][223]LogModuleManager: Shutting down and abandoning module UMGEditor (181)
[2017.05.18-18.02.24:435][223]LogModuleManager: Shutting down and abandoning module Sequencer (180)
[2017.05.18-18.02.24:453][223]LogModuleManager: Shutting down and abandoning module AssetTools (178)
[2017.05.18-18.02.24:485][223]LogModuleManager: Shutting down and abandoning module MessageLog (177)
[2017.05.18-18.02.24:485][223]LogModuleManager: Shutting down and abandoning module WorkspaceMenuStructure (176)
[2017.05.18-18.02.24:485][223]LogModuleManager: Shutting down and abandoning module SlateReflector (170)
[2017.05.18-18.02.24:505][223]LogModuleManager: Shutting down and abandoning module Slate (168)
[2017.05.18-18.02.24:505][223]LogModuleManager: Shutting down and abandoning module EditorStyle (166)
[2017.05.18-18.02.24:507][223]LogModuleManager: Shutting down and abandoning module SourceCodeAccess (164)
[2017.05.18-18.02.24:516][223]LogModuleManager: Shutting down and abandoning module HeadMountedDisplay (162)
[2017.05.18-18.02.24:516][223]LogModuleManager: Shutting down and abandoning module XAudio2 (160)
[2017.05.18-18.02.24:516][223]LogModuleManager: Shutting down and abandoning module Networking (158)
[2017.05.18-18.02.24:516][223]LogModuleManager: Shutting down and abandoning module Core (154)
[2017.05.18-18.02.24:516][223]LogModuleManager: Shutting down and abandoning module AssetRegistry (152)
[2017.05.18-18.02.24:638][223]LogDirectoryWatcher: A directory notification for '../../../Engine/Content/' was aborted.
[2017.05.18-18.02.24:638][223]LogDirectoryWatcher: A directory notification for 'C:/Users/David/Desktop/last transition minimap 2/Content/' was aborted.
[2017.05.18-18.02.24:638][223]LogDirectoryWatcher: A directory notification for '../../../Engine/Plugins/2D/Paper2D/Content/' was aborted.
[2017.05.18-18.02.24:658][223]LogModuleManager: Shutting down and abandoning module DirectoryWatcher (151)
[2017.05.18-18.02.24:662][223]LogModuleManager: Shutting down and abandoning module KismetCompiler (148)
[2017.05.18-18.02.24:662][223]LogModuleManager: Shutting down and abandoning module PhysXFormats (146)
[2017.05.18-18.02.24:662][223]LogModuleManager: Shutting down and abandoning module MeshUtilities (144)
[2017.05.18-18.02.24:676][223]LogModuleManager: Shutting down and abandoning module SimplygonSwarm (143)
[2017.05.18-18.02.24:694][223]LogModuleManager: Shutting down and abandoning module SimplygonMeshReduction (141)
[2017.05.18-18.02.24:694][223]LogModuleManager: Shutting down and abandoning module QuadricMeshReduction (139)
[2017.05.18-18.02.24:694][223]LogModuleManager: Shutting down and abandoning module PropertyEditor (137)
[2017.05.18-18.02.24:694][223]LogModuleManager: Shutting down and abandoning module DerivedDataCache (134)
[2017.05.18-18.02.24:772][223]LogDerivedDataCache: Shutdown
[2017.05.18-18.02.24:772][223]LogModuleManager: Shutting down and abandoning module TargetPlatform (132)
[2017.05.18-18.02.24:772][223]LogModuleManager: Shutting down and abandoning module VulkanShaderFormat (131)
[2017.05.18-18.02.24:785][223]LogModuleManager: Shutting down and abandoning module ShaderFormatOpenGL (129)
[2017.05.18-18.02.24:798][223]LogModuleManager: Shutting down and abandoning module ShaderFormatD3D (127)
[2017.05.18-18.02.24:798][223]LogModuleManager: Shutting down and abandoning module MetalShaderFormat (125)
[2017.05.18-18.02.24:814][223]LogModuleManager: Shutting down and abandoning module TextureFormatUncompressed (123)
[2017.05.18-18.02.24:814][223]LogModuleManager: Shutting down and abandoning module TextureFormatPVR (121)
[2017.05.18-18.02.24:814][223]LogModuleManager: Shutting down and abandoning module TextureFormatDXT (119)
[2017.05.18-18.02.24:814][223]LogModuleManager: Shutting down and abandoning module TextureFormatIntelISPCTexComp (117)
[2017.05.18-18.02.24:815][223]LogModuleManager: Shutting down and abandoning module TextureFormatASTC (115)
[2017.05.18-18.02.24:815][223]LogModuleManager: Shutting down and abandoning module ImageWrapper (114)
[2017.05.18-18.02.24:815][223]LogModuleManager: Shutting down and abandoning module TextureFormatAndroid (111)
[2017.05.18-18.02.24:815][223]LogModuleManager: Shutting down and abandoning module AudioFormatOpus (109)
[2017.05.18-18.02.24:819][223]LogModuleManager: Shutting down and abandoning module AudioFormatOgg (107)
[2017.05.18-18.02.24:819][223]LogModuleManager: Shutting down and abandoning module AudioFormatADPCM (105)
[2017.05.18-18.02.24:819][223]LogModuleManager: Shutting down and abandoning module LinuxTargetPlatform (103)
[2017.05.18-18.02.24:819][223]LogModuleManager: Shutting down and abandoning module LinuxServerTargetPlatform (101)
[2017.05.18-18.02.24:819][223]LogModuleManager: Shutting down and abandoning module LinuxNoEditorTargetPlatform (99)
[2017.05.18-18.02.24:819][223]LogModuleManager: Shutting down and abandoning module LinuxClientTargetPlatform (97)
[2017.05.18-18.02.24:819][223]LogModuleManager: Shutting down and abandoning module TVOSTargetPlatform (95)
[2017.05.18-18.02.24:819][223]LogModuleManager: Shutting down and abandoning module Messaging (93)
[2017.05.18-18.02.24:819][223]LogModuleManager: Shutting down and abandoning module IOSTargetPlatform (91)
[2017.05.18-18.02.24:819][223]LogModuleManager: Shutting down and abandoning module HTML5TargetPlatform (89)
[2017.05.18-18.02.24:819][223]LogModuleManager: Shutting down and abandoning module Android_PVRTCTargetPlatform (87)
[2017.05.18-18.02.24:819][223]LogModuleManager: Shutting down and abandoning module Android_MultiTargetPlatform (85)
[2017.05.18-18.02.24:819][223]LogModuleManager: Shutting down and abandoning module Android_ETC2TargetPlatform (83)
[2017.05.18-18.02.24:819][223]LogModuleManager: Shutting down and abandoning module Android_ETC1TargetPlatform (81)
[2017.05.18-18.02.24:819][223]LogModuleManager: Shutting down and abandoning module Android_DXTTargetPlatform (79)
[2017.05.18-18.02.24:819][223]LogModuleManager: Shutting down and abandoning module Android_ATCTargetPlatform (77)
[2017.05.18-18.02.24:819][223]LogModuleManager: Shutting down and abandoning module Android_ASTCTargetPlatform (75)
[2017.05.18-18.02.24:820][223]LogModuleManager: Shutting down and abandoning module AndroidTargetPlatform (73)
[2017.05.18-18.02.24:820][223]LogModuleManager: Shutting down and abandoning module WindowsTargetPlatform (71)
[2017.05.18-18.02.24:820][223]LogModuleManager: Shutting down and abandoning module WindowsServerTargetPlatform (69)
[2017.05.18-18.02.24:820][223]LogModuleManager: Shutting down and abandoning module WindowsNoEditorTargetPlatform (67)
[2017.05.18-18.02.24:820][223]LogModuleManager: Shutting down and abandoning module WindowsClientTargetPlatform (65)
[2017.05.18-18.02.24:820][223]LogModuleManager: Shutting down and abandoning module MacTargetPlatform (63)
[2017.05.18-18.02.24:820][223]LogModuleManager: Shutting down and abandoning module MacServerTargetPlatform (61)
[2017.05.18-18.02.24:820][223]LogModuleManager: Shutting down and abandoning module MacNoEditorTargetPlatform (59)
[2017.05.18-18.02.24:820][223]LogModuleManager: Shutting down and abandoning module MacClientTargetPlatform (57)
[2017.05.18-18.02.24:820][223]LogModuleManager: Shutting down and abandoning module AllDesktopTargetPlatform (55)
[2017.05.18-18.02.24:820][223]LogModuleManager: Shutting down and abandoning module InputCore (52)
[2017.05.18-18.02.24:820][223]LogModuleManager: Shutting down and abandoning module Settings (50)
[2017.05.18-18.02.24:820][223]LogModuleManager: Shutting down and abandoning module OculusRift (48)
[2017.05.18-18.02.24:845][223]LogModuleManager: Shutting down and abandoning module GearVR (46)
[2017.05.18-18.02.24:845][223]LogModuleManager: Shutting down and abandoning module ExampleDeviceProfileSelector (44)
[2017.05.18-18.02.24:845][223]LogModuleManager: Shutting down and abandoning module OnlineBlueprintSupport (42)
[2017.05.18-18.02.24:845][223]LogModuleManager: Shutting down and abandoning module OnlineSubsystem (38)
[2017.05.18-18.02.24:845][223]LogOnline:Display: Unloading online subsystem: NULL
[2017.05.18-18.02.24:880][223]LogModuleManager: Shutting down and abandoning module XMPP (37)
[2017.05.18-18.02.24:893][223]LogModuleManager: Shutting down and abandoning module HTTP (35)
[2017.05.18-18.02.24:910][223]LogHttp:Display: Http module shutting down, but needs to wait on 1 outstanding Http requests:
[2017.05.18-18.02.24:910][223]LogHttp:Display: 	verb=[POST] url=[https://datarouter.ol.epicgames.com/datarouter/api/v1/public/data?SessionID=%7B1396F0BD-464B-7D3A-DFDC-BB80BBFEF122%7D&AppID=UEEditor.Rocket.Release&AppVersion=4.15.2-3416026%2B%2B%2BUE4%2BRelease-4.15&UserID=8575500d426ae8fbcabf558e3d7af1f8%7C341b3357ac2f4dc9a4c56296d19833d9%7Cc5b497af-8a36-42dc-8f2d-f33e02cf26e6&AppEnvironment=datacollector-binary&UploadType=eteventstream] status=Processing
[2017.05.18-18.02.24:915][223]LogModuleManager: Shutting down and abandoning module SSL (34)
[2017.05.18-18.02.24:924][223]LogModuleManager: Shutting down and abandoning module AudioEditor (30)
[2017.05.18-18.02.24:939][223]LogModuleManager: Shutting down and abandoning module TextureCompressor (28)
[2017.05.18-18.02.24:939][223]LogModuleManager: Shutting down and abandoning module ShaderCore (26)
[2017.05.18-18.02.24:939][223]LogModuleManager: Shutting down and abandoning module Landscape (24)
[2017.05.18-18.02.24:939][223]LogModuleManager: Shutting down and abandoning module SlateRHIRenderer (22)
[2017.05.18-18.02.24:962][223]LogModuleManager: Shutting down and abandoning module OpenGLDrv (20)
[2017.05.18-18.02.24:973][223]LogModuleManager: Shutting down and abandoning module D3D11RHI (18)
[2017.05.18-18.02.24:973][223]LogModuleManager: Shutting down and abandoning module AnimGraphRuntime (16)
[2017.05.18-18.02.24:982][223]LogModuleManager: Shutting down and abandoning module Renderer (14)
[2017.05.18-18.02.24:982][223]LogModuleManager: Shutting down and abandoning module Engine (12)
[2017.05.18-18.02.24:982][223]LogModuleManager: Shutting down and abandoning module CoreUObject (10)
[2017.05.18-18.02.24:982][223]LogModuleManager: Shutting down and abandoning module NetworkFile (8)
[2017.05.18-18.02.24:982][223]LogModuleManager: Shutting down and abandoning module StreamingFile (6)
[2017.05.18-18.02.24:982][223]LogModuleManager: Shutting down and abandoning module SandboxFile (4)
[2017.05.18-18.02.24:982][223]LogModuleManager: Shutting down and abandoning module PakFile (2)
[2017.05.18-18.02.24:989][223]LogExit: Exiting.
[2017.05.18-18.02.24:996][223]Log file closed, 05/18/17 11:02:24
